<?xml version="1.0" encoding="UTF-8"?>
<!-- Generated by org.testng.reporters.JUnitXMLReporter -->
<testsuite hostname="Shreyash" ignored="0" name="Default test" tests="3" failures="0" timestamp="2021-03-03T20:36:19 IST" time="40.069" errors="0">
  <testcase name="displayDetailsOfFirstThreeBookshelves" time="22.372" classname="com.DisplayBookshelves.module.TestingOnSeleniumGrid"/>
  <testcase name="collections_SubMenuItemsDisplay" time="2.669" classname="com.DisplayBookshelves.module.TestingOnSeleniumGrid"/>
  <testcase name="giftCards_WithInvalidDetails" time="5.146" classname="com.DisplayBookshelves.module.TestingOnSeleniumGrid"/>
</testsuite> <!-- Default test -->
