<?xml version="1.0" encoding="UTF-8"?>
<!-- Generated by org.testng.reporters.JUnitXMLReporter -->
<testsuite hostname="Shreyash" ignored="0" name="Test Urban Cladder" tests="3" failures="0" timestamp="2021-03-03T21:15:59 IST" time="36.053" errors="0">
  <testcase name="displayDetailsOfFirstThreeBookshelves" time="22.021" classname="com.DisplayBookshelves.module.TestUrbanLadder"/>
  <testcase name="collections_SubMenuItemsDisplay" time="2.159" classname="com.DisplayBookshelves.module.TestUrbanLadder"/>
  <testcase name="giftCards_WithInvalidDetails" time="4.164" classname="com.DisplayBookshelves.module.TestUrbanLadder"/>
</testsuite> <!-- Test Urban Cladder -->
